{"C:\\Users\\himan\\Desktop\\EducationEdu\\server.js": {"path":"C:\\Users\\himan\\Desktop\\EducationEdu\\server.js","statementMap":{"0":{"start":{"line":2,"column":16},"end":{"line":2,"column":34}},"1":{"start":{"line":3,"column":13},"end":{"line":3,"column":28}},"2":{"start":{"line":4,"column":15},"end":{"line":4,"column":42}},"3":{"start":{"line":5,"column":17},"end":{"line":5,"column":54}},"4":{"start":{"line":6,"column":18},"end":{"line":6,"column":51}},"5":{"start":{"line":7,"column":12},"end":{"line":7,"column":56}},"6":{"start":{"line":9,"column":12},"end":{"line":9,"column":21}},"7":{"start":{"line":12,"column":0},"end":{"line":12,"column":35}},"8":{"start":{"line":13,"column":0},"end":{"line":13,"column":41}},"9":{"start":{"line":16,"column":0},"end":{"line":16,"column":56}},"10":{"start":{"line":21,"column":0},"end":{"line":21,"column":73}},"11":{"start":{"line":24,"column":0},"end":{"line":24,"column":27}},"12":{"start":{"line":27,"column":0},"end":{"line":29,"column":3}},"13":{"start":{"line":28,"column":4},"end":{"line":28,"column":56}},"14":{"start":{"line":32,"column":0},"end":{"line":32,"column":31}},"15":{"start":{"line":35,"column":0},"end":{"line":39,"column":1}},"16":{"start":{"line":36,"column":4},"end":{"line":38,"column":7}},"17":{"start":{"line":37,"column":8},"end":{"line":37,"column":73}},"18":{"start":{"line":41,"column":0},"end":{"line":41,"column":21}}},"fnMap":{"0":{"name":"(anonymous_0)","decl":{"start":{"line":27,"column":8},"end":{"line":27,"column":9}},"loc":{"start":{"line":27,"column":22},"end":{"line":29,"column":1}},"line":27},"1":{"name":"(anonymous_1)","decl":{"start":{"line":36,"column":28},"end":{"line":36,"column":29}},"loc":{"start":{"line":36,"column":34},"end":{"line":38,"column":5}},"line":36}},"branchMap":{"0":{"loc":{"start":{"line":35,"column":0},"end":{"line":39,"column":1}},"type":"if","locations":[{"start":{"line":35,"column":0},"end":{"line":39,"column":1}},{"start":{},"end":{}}],"line":35}},"s":{"0":1,"1":1,"2":1,"3":1,"4":1,"5":1,"6":1,"7":1,"8":1,"9":1,"10":1,"11":1,"12":1,"13":1,"14":1,"15":1,"16":0,"17":0,"18":1},"f":{"0":1,"1":0},"b":{"0":[0,1]},"_coverageSchema":"1a1c01bbd47fc00a2c39e90264f33305004495a9","hash":"e26baa424b4a665d2bfaa1d59320a85305682f41"}
,"C:\\Users\\himan\\Desktop\\EducationEdu\\src\\config\\env.js": {"path":"C:\\Users\\himan\\Desktop\\EducationEdu\\src\\config\\env.js","statementMap":{"0":{"start":{"line":1,"column":13},"end":{"line":1,"column":28}},"1":{"start":{"line":2,"column":0},"end":{"line":2,"column":74}},"2":{"start":{"line":4,"column":15},"end":{"line":9,"column":1}},"3":{"start":{"line":11,"column":0},"end":{"line":11,"column":24}}},"fnMap":{},"branchMap":{"0":{"loc":{"start":{"line":5,"column":10},"end":{"line":5,"column":34}},"type":"binary-expr","locations":[{"start":{"line":5,"column":10},"end":{"line":5,"column":26}},{"start":{"line":5,"column":30},"end":{"line":5,"column":34}}],"line":5},"1":{"loc":{"start":{"line":6,"column":16},"end":{"line":6,"column":60}},"type":"binary-expr","locations":[{"start":{"line":6,"column":16},"end":{"line":6,"column":42}},{"start":{"line":6,"column":46},"end":{"line":6,"column":60}}],"line":6},"2":{"loc":{"start":{"line":7,"column":12},"end":{"line":7,"column":51}},"type":"binary-expr","locations":[{"start":{"line":7,"column":12},"end":{"line":7,"column":34}},{"start":{"line":7,"column":38},"end":{"line":7,"column":51}}],"line":7},"3":{"loc":{"start":{"line":8,"column":14},"end":{"line":8,"column":51}},"type":"binary-expr","locations":[{"start":{"line":8,"column":14},"end":{"line":8,"column":34}},{"start":{"line":8,"column":38},"end":{"line":8,"column":51}}],"line":8}},"s":{"0":3,"1":3,"2":3,"3":3},"f":{},"b":{"0":[3,0],"1":[3,0],"2":[3,0],"3":[3,0]},"_coverageSchema":"1a1c01bbd47fc00a2c39e90264f33305004495a9","hash":"12d5f87b5281792b1e4af07faaedf07d278310ce"}
,"C:\\Users\\himan\\Desktop\\EducationEdu\\src\\controllers\\apiController.js": {"path":"C:\\Users\\himan\\Desktop\\EducationEdu\\src\\controllers\\apiController.js","statementMap":{"0":{"start":{"line":1,"column":15},"end":{"line":1,"column":39}},"1":{"start":{"line":2,"column":14},"end":{"line":2,"column":49}},"2":{"start":{"line":3,"column":12},"end":{"line":3,"column":53}},"3":{"start":{"line":5,"column":0},"end":{"line":15,"column":2}},"4":{"start":{"line":6,"column":4},"end":{"line":14,"column":7}},"5":{"start":{"line":17,"column":0},"end":{"line":75,"column":2}},"6":{"start":{"line":18,"column":55},"end":{"line":18,"column":63}},"7":{"start":{"line":20,"column":4},"end":{"line":22,"column":5}},"8":{"start":{"line":21,"column":8},"end":{"line":21,"column":92}},"9":{"start":{"line":23,"column":20},"end":{"line":23,"column":34}},"10":{"start":{"line":24,"column":4},"end":{"line":26,"column":5}},"11":{"start":{"line":25,"column":8},"end":{"line":25,"column":75}},"12":{"start":{"line":27,"column":4},"end":{"line":29,"column":5}},"13":{"start":{"line":28,"column":8},"end":{"line":28,"column":92}},"14":{"start":{"line":31,"column":4},"end":{"line":36,"column":5}},"15":{"start":{"line":32,"column":8},"end":{"line":35,"column":11}},"16":{"start":{"line":38,"column":4},"end":{"line":74,"column":5}},"17":{"start":{"line":40,"column":29},"end":{"line":40,"column":64}},"18":{"start":{"line":43,"column":8},"end":{"line":43,"column":62}},"19":{"start":{"line":46,"column":24},"end":{"line":56,"column":9}},"20":{"start":{"line":58,"column":21},"end":{"line":58,"column":63}},"21":{"start":{"line":60,"column":23},"end":{"line":60,"column":54}},"22":{"start":{"line":61,"column":25},"end":{"line":61,"column":40}},"23":{"start":{"line":62,"column":22},"end":{"line":62,"column":66}},"24":{"start":{"line":65,"column":8},"end":{"line":65,"column":61}},"25":{"start":{"line":67,"column":8},"end":{"line":67,"column":28}},"26":{"start":{"line":69,"column":8},"end":{"line":69,"column":54}},"27":{"start":{"line":70,"column":8},"end":{"line":73,"column":11}},"28":{"start":{"line":77,"column":0},"end":{"line":115,"column":2}},"29":{"start":{"line":78,"column":37},"end":{"line":78,"column":45}},"30":{"start":{"line":80,"column":4},"end":{"line":82,"column":5}},"31":{"start":{"line":81,"column":8},"end":{"line":81,"column":68}},"32":{"start":{"line":83,"column":29},"end":{"line":83,"column":89}},"33":{"start":{"line":84,"column":4},"end":{"line":86,"column":5}},"34":{"start":{"line":85,"column":8},"end":{"line":85,"column":112}},"35":{"start":{"line":88,"column":4},"end":{"line":90,"column":5}},"36":{"start":{"line":89,"column":8},"end":{"line":89,"column":62}},"37":{"start":{"line":93,"column":21},"end":{"line":93,"column":107}},"38":{"start":{"line":94,"column":27},"end":{"line":94,"column":46}},"39":{"start":{"line":95,"column":4},"end":{"line":97,"column":5}},"40":{"start":{"line":96,"column":8},"end":{"line":96,"column":60}},"41":{"start":{"line":99,"column":4},"end":{"line":114,"column":5}},"42":{"start":{"line":100,"column":27},"end":{"line":105,"column":10}},"43":{"start":{"line":107,"column":31},"end":{"line":107,"column":70}},"44":{"start":{"line":108,"column":8},"end":{"line":108,"column":44}},"45":{"start":{"line":110,"column":8},"end":{"line":110,"column":37}},"46":{"start":{"line":112,"column":8},"end":{"line":112,"column":57}},"47":{"start":{"line":113,"column":8},"end":{"line":113,"column":88}},"48":{"start":{"line":117,"column":0},"end":{"line":162,"column":2}},"49":{"start":{"line":118,"column":21},"end":{"line":118,"column":29}},"50":{"start":{"line":120,"column":4},"end":{"line":122,"column":5}},"51":{"start":{"line":121,"column":8},"end":{"line":121,"column":68}},"52":{"start":{"line":123,"column":4},"end":{"line":125,"column":5}},"53":{"start":{"line":124,"column":8},"end":{"line":124,"column":86}},"54":{"start":{"line":127,"column":4},"end":{"line":129,"column":5}},"55":{"start":{"line":128,"column":8},"end":{"line":128,"column":93}},"56":{"start":{"line":132,"column":21},"end":{"line":132,"column":87}},"57":{"start":{"line":133,"column":27},"end":{"line":133,"column":46}},"58":{"start":{"line":134,"column":4},"end":{"line":136,"column":5}},"59":{"start":{"line":135,"column":8},"end":{"line":135,"column":40}},"60":{"start":{"line":138,"column":4},"end":{"line":161,"column":5}},"61":{"start":{"line":139,"column":25},"end":{"line":139,"column":69}},"62":{"start":{"line":140,"column":33},"end":{"line":140,"column":82}},"63":{"start":{"line":141,"column":34},"end":{"line":141,"column":84}},"64":{"start":{"line":143,"column":23},"end":{"line":153,"column":9}},"65":{"start":{"line":144,"column":69},"end":{"line":148,"column":13}},"66":{"start":{"line":155,"column":8},"end":{"line":155,"column":36}},"67":{"start":{"line":157,"column":8},"end":{"line":157,"column":25}},"68":{"start":{"line":159,"column":8},"end":{"line":159,"column":49}},"69":{"start":{"line":160,"column":8},"end":{"line":160,"column":80}}},"fnMap":{"0":{"name":"(anonymous_0)","decl":{"start":{"line":5,"column":20},"end":{"line":5,"column":21}},"loc":{"start":{"line":5,"column":34},"end":{"line":15,"column":1}},"line":5},"1":{"name":"(anonymous_1)","decl":{"start":{"line":17,"column":21},"end":{"line":17,"column":22}},"loc":{"start":{"line":17,"column":41},"end":{"line":75,"column":1}},"line":17},"2":{"name":"(anonymous_2)","decl":{"start":{"line":77,"column":26},"end":{"line":77,"column":27}},"loc":{"start":{"line":77,"column":46},"end":{"line":115,"column":1}},"line":77},"3":{"name":"(anonymous_3)","decl":{"start":{"line":117,"column":24},"end":{"line":117,"column":25}},"loc":{"start":{"line":117,"column":44},"end":{"line":162,"column":1}},"line":117},"4":{"name":"(anonymous_4)","decl":{"start":{"line":144,"column":63},"end":{"line":144,"column":64}},"loc":{"start":{"line":144,"column":69},"end":{"line":148,"column":13}},"line":144}},"branchMap":{"0":{"loc":{"start":{"line":18,"column":21},"end":{"line":18,"column":50}},"type":"default-arg","locations":[{"start":{"line":18,"column":33},"end":{"line":18,"column":50}}],"line":18},"1":{"loc":{"start":{"line":20,"column":4},"end":{"line":22,"column":5}},"type":"if","locations":[{"start":{"line":20,"column":4},"end":{"line":22,"column":5}},{"start":{},"end":{}}],"line":20},"2":{"loc":{"start":{"line":20,"column":8},"end":{"line":20,"column":47}},"type":"binary-expr","locations":[{"start":{"line":20,"column":8},"end":{"line":20,"column":16}},{"start":{"line":20,"column":20},"end":{"line":20,"column":47}}],"line":20},"3":{"loc":{"start":{"line":24,"column":4},"end":{"line":26,"column":5}},"type":"if","locations":[{"start":{"line":24,"column":4},"end":{"line":26,"column":5}},{"start":{},"end":{}}],"line":24},"4":{"loc":{"start":{"line":27,"column":4},"end":{"line":29,"column":5}},"type":"if","locations":[{"start":{"line":27,"column":4},"end":{"line":29,"column":5}},{"start":{},"end":{}}],"line":27},"5":{"loc":{"start":{"line":31,"column":4},"end":{"line":36,"column":5}},"type":"if","locations":[{"start":{"line":31,"column":4},"end":{"line":36,"column":5}},{"start":{},"end":{}}],"line":31},"6":{"loc":{"start":{"line":80,"column":4},"end":{"line":82,"column":5}},"type":"if","locations":[{"start":{"line":80,"column":4},"end":{"line":82,"column":5}},{"start":{},"end":{}}],"line":80},"7":{"loc":{"start":{"line":80,"column":8},"end":{"line":80,"column":69}},"type":"binary-expr","locations":[{"start":{"line":80,"column":8},"end":{"line":80,"column":13}},{"start":{"line":80,"column":17},"end":{"line":80,"column":41}},{"start":{"line":80,"column":45},"end":{"line":80,"column":69}}],"line":80},"8":{"loc":{"start":{"line":84,"column":4},"end":{"line":86,"column":5}},"type":"if","locations":[{"start":{"line":84,"column":4},"end":{"line":86,"column":5}},{"start":{},"end":{}}],"line":84},"9":{"loc":{"start":{"line":84,"column":8},"end":{"line":84,"column":69}},"type":"binary-expr","locations":[{"start":{"line":84,"column":8},"end":{"line":84,"column":23}},{"start":{"line":84,"column":27},"end":{"line":84,"column":69}}],"line":84},"10":{"loc":{"start":{"line":88,"column":4},"end":{"line":90,"column":5}},"type":"if","locations":[{"start":{"line":88,"column":4},"end":{"line":90,"column":5}},{"start":{},"end":{}}],"line":88},"11":{"loc":{"start":{"line":95,"column":4},"end":{"line":97,"column":5}},"type":"if","locations":[{"start":{"line":95,"column":4},"end":{"line":97,"column":5}},{"start":{},"end":{}}],"line":95},"12":{"loc":{"start":{"line":120,"column":4},"end":{"line":122,"column":5}},"type":"if","locations":[{"start":{"line":120,"column":4},"end":{"line":122,"column":5}},{"start":{},"end":{}}],"line":120},"13":{"loc":{"start":{"line":120,"column":8},"end":{"line":120,"column":69}},"type":"binary-expr","locations":[{"start":{"line":120,"column":8},"end":{"line":120,"column":13}},{"start":{"line":120,"column":17},"end":{"line":120,"column":41}},{"start":{"line":120,"column":45},"end":{"line":120,"column":69}}],"line":120},"14":{"loc":{"start":{"line":123,"column":4},"end":{"line":125,"column":5}},"type":"if","locations":[{"start":{"line":123,"column":4},"end":{"line":125,"column":5}},{"start":{},"end":{}}],"line":123},"15":{"loc":{"start":{"line":127,"column":4},"end":{"line":129,"column":5}},"type":"if","locations":[{"start":{"line":127,"column":4},"end":{"line":129,"column":5}},{"start":{},"end":{}}],"line":127},"16":{"loc":{"start":{"line":134,"column":4},"end":{"line":136,"column":5}},"type":"if","locations":[{"start":{"line":134,"column":4},"end":{"line":136,"column":5}},{"start":{},"end":{}}],"line":134}},"s":{"0":2,"1":2,"2":2,"3":2,"4":2,"5":2,"6":8,"7":8,"8":2,"9":6,"10":6,"11":2,"12":4,"13":2,"14":2,"15":1,"16":1,"17":1,"18":1,"19":1,"20":1,"21":1,"22":1,"23":1,"24":1,"25":1,"26":0,"27":0,"28":2,"29":6,"30":6,"31":1,"32":5,"33":5,"34":2,"35":3,"36":1,"37":2,"38":2,"39":2,"40":1,"41":1,"42":1,"43":1,"44":1,"45":1,"46":0,"47":0,"48":2,"49":6,"50":6,"51":2,"52":4,"53":1,"54":3,"55":1,"56":2,"57":2,"58":2,"59":1,"60":1,"61":1,"62":1,"63":1,"64":1,"65":1,"66":1,"67":1,"68":0,"69":0},"f":{"0":2,"1":8,"2":6,"3":6,"4":1},"b":{"0":[5],"1":[2,6],"2":[8,6],"3":[2,4],"4":[2,2],"5":[1,1],"6":[1,5],"7":[6,5,5],"8":[2,3],"9":[5,5],"10":[1,2],"11":[1,1],"12":[2,4],"13":[6,4,4],"14":[1,3],"15":[1,2],"16":[1,1]},"_coverageSchema":"1a1c01bbd47fc00a2c39e90264f33305004495a9","hash":"2bd129bbfa359b166d7ff2d1a87b313a2d19354b"}
,"C:\\Users\\himan\\Desktop\\EducationEdu\\src\\middlewares\\security.js": {"path":"C:\\Users\\himan\\Desktop\\EducationEdu\\src\\middlewares\\security.js","statementMap":{"0":{"start":{"line":1,"column":15},"end":{"line":1,"column":32}},"1":{"start":{"line":2,"column":18},"end":{"line":2,"column":47}},"2":{"start":{"line":5,"column":25},"end":{"line":17,"column":2}},"3":{"start":{"line":20,"column":19},"end":{"line":26,"column":2}},"4":{"start":{"line":29,"column":22},"end":{"line":44,"column":1}},"5":{"start":{"line":31,"column":22},"end":{"line":34,"column":5}},"6":{"start":{"line":32,"column":8},"end":{"line":32,"column":48}},"7":{"start":{"line":32,"column":37},"end":{"line":32,"column":48}},"8":{"start":{"line":33,"column":8},"end":{"line":33,"column":45}},"9":{"start":{"line":36,"column":4},"end":{"line":42,"column":5}},"10":{"start":{"line":37,"column":8},"end":{"line":41,"column":9}},"11":{"start":{"line":38,"column":12},"end":{"line":40,"column":13}},"12":{"start":{"line":39,"column":16},"end":{"line":39,"column":57}},"13":{"start":{"line":43,"column":4},"end":{"line":43,"column":11}},"14":{"start":{"line":47,"column":21},"end":{"line":50,"column":1}},"15":{"start":{"line":48,"column":4},"end":{"line":48,"column":51}},"16":{"start":{"line":49,"column":4},"end":{"line":49,"column":62}},"17":{"start":{"line":52,"column":0},"end":{"line":57,"column":2}}},"fnMap":{"0":{"name":"(anonymous_0)","decl":{"start":{"line":29,"column":22},"end":{"line":29,"column":23}},"loc":{"start":{"line":29,"column":42},"end":{"line":44,"column":1}},"line":29},"1":{"name":"(anonymous_1)","decl":{"start":{"line":31,"column":22},"end":{"line":31,"column":23}},"loc":{"start":{"line":31,"column":31},"end":{"line":34,"column":5}},"line":31},"2":{"name":"(anonymous_2)","decl":{"start":{"line":47,"column":21},"end":{"line":47,"column":22}},"loc":{"start":{"line":47,"column":46},"end":{"line":50,"column":1}},"line":47}},"branchMap":{"0":{"loc":{"start":{"line":32,"column":8},"end":{"line":32,"column":48}},"type":"if","locations":[{"start":{"line":32,"column":8},"end":{"line":32,"column":48}},{"start":{},"end":{}}],"line":32},"1":{"loc":{"start":{"line":36,"column":4},"end":{"line":42,"column":5}},"type":"if","locations":[{"start":{"line":36,"column":4},"end":{"line":42,"column":5}},{"start":{},"end":{}}],"line":36},"2":{"loc":{"start":{"line":38,"column":12},"end":{"line":40,"column":13}},"type":"if","locations":[{"start":{"line":38,"column":12},"end":{"line":40,"column":13}},{"start":{},"end":{}}],"line":38},"3":{"loc":{"start":{"line":38,"column":16},"end":{"line":38,"column":81}},"type":"binary-expr","locations":[{"start":{"line":38,"column":16},"end":{"line":38,"column":44}},{"start":{"line":38,"column":48},"end":{"line":38,"column":81}}],"line":38}},"s":{"0":1,"1":1,"2":1,"3":1,"4":1,"5":8,"6":10,"7":0,"8":10,"9":8,"10":8,"11":10,"12":10,"13":8,"14":1,"15":0,"16":0,"17":1},"f":{"0":8,"1":10,"2":0},"b":{"0":[0,10],"1":[8,0],"2":[10,0],"3":[10,10]},"_coverageSchema":"1a1c01bbd47fc00a2c39e90264f33305004495a9","hash":"6bee3fa6be8a620fd9c4a7b95ae7ccfeba8aeef2"}
,"C:\\Users\\himan\\Desktop\\EducationEdu\\src\\routes\\apiRoutes.js": {"path":"C:\\Users\\himan\\Desktop\\EducationEdu\\src\\routes\\apiRoutes.js","statementMap":{"0":{"start":{"line":1,"column":16},"end":{"line":1,"column":34}},"1":{"start":{"line":2,"column":15},"end":{"line":2,"column":31}},"2":{"start":{"line":3,"column":22},"end":{"line":3,"column":61}},"3":{"start":{"line":4,"column":38},"end":{"line":4,"column":72}},"4":{"start":{"line":7,"column":0},"end":{"line":7,"column":23}},"5":{"start":{"line":8,"column":0},"end":{"line":8,"column":26}},"6":{"start":{"line":11,"column":0},"end":{"line":11,"column":47}},"7":{"start":{"line":12,"column":0},"end":{"line":12,"column":57}},"8":{"start":{"line":13,"column":0},"end":{"line":13,"column":53}},"9":{"start":{"line":15,"column":0},"end":{"line":15,"column":24}}},"fnMap":{},"branchMap":{},"s":{"0":1,"1":1,"2":1,"3":1,"4":1,"5":1,"6":1,"7":1,"8":1,"9":1},"f":{},"b":{},"_coverageSchema":"1a1c01bbd47fc00a2c39e90264f33305004495a9","hash":"942079fc71ac985ecdcbb109fdbdba467092c81f"}
,"C:\\Users\\himan\\Desktop\\EducationEdu\\src\\services\\cacheService.js": {"path":"C:\\Users\\himan\\Desktop\\EducationEdu\\src\\services\\cacheService.js","statementMap":{"0":{"start":{"line":1,"column":18},"end":{"line":1,"column":39}},"1":{"start":{"line":4,"column":14},"end":{"line":4,"column":63}},"2":{"start":{"line":6,"column":0},"end":{"line":6,"column":23}}},"fnMap":{},"branchMap":{},"s":{"0":1,"1":1,"2":1},"f":{},"b":{},"_coverageSchema":"1a1c01bbd47fc00a2c39e90264f33305004495a9","hash":"7cd62315b78ac61d759029512ec70f9e2a2aca47"}
,"C:\\Users\\himan\\Desktop\\EducationEdu\\src\\services\\googleCloudService.js": {"path":"C:\\Users\\himan\\Desktop\\EducationEdu\\src\\services\\googleCloudService.js","statementMap":{"0":{"start":{"line":1,"column":21},"end":{"line":1,"column":54}},"1":{"start":{"line":2,"column":37},"end":{"line":2,"column":71}},"2":{"start":{"line":3,"column":17},"end":{"line":3,"column":50}},"3":{"start":{"line":4,"column":22},"end":{"line":4,"column":56}},"4":{"start":{"line":5,"column":15},"end":{"line":5,"column":39}},"5":{"start":{"line":8,"column":26},"end":{"line":8,"column":31}},"6":{"start":{"line":10,"column":22},"end":{"line":15,"column":73}},"7":{"start":{"line":17,"column":0},"end":{"line":36,"column":1}},"8":{"start":{"line":19,"column":4},"end":{"line":19,"column":85}},"9":{"start":{"line":20,"column":4},"end":{"line":20,"column":81}},"10":{"start":{"line":23,"column":4},"end":{"line":23,"column":87}},"11":{"start":{"line":26,"column":4},"end":{"line":26,"column":85}},"12":{"start":{"line":29,"column":4},"end":{"line":29,"column":64}},"13":{"start":{"line":31,"column":4},"end":{"line":31,"column":31}},"14":{"start":{"line":32,"column":4},"end":{"line":32,"column":59}},"15":{"start":{"line":34,"column":4},"end":{"line":34,"column":83}},"16":{"start":{"line":35,"column":4},"end":{"line":35,"column":30}},"17":{"start":{"line":40,"column":4},"end":{"line":40,"column":37}},"18":{"start":{"line":40,"column":30},"end":{"line":40,"column":37}},"19":{"start":{"line":41,"column":4},"end":{"line":53,"column":5}},"20":{"start":{"line":42,"column":27},"end":{"line":42,"column":78}},"21":{"start":{"line":43,"column":8},"end":{"line":47,"column":11}},"22":{"start":{"line":50,"column":8},"end":{"line":50,"column":102}},"23":{"start":{"line":52,"column":8},"end":{"line":52,"column":60}},"24":{"start":{"line":58,"column":4},"end":{"line":58,"column":40}},"25":{"start":{"line":58,"column":30},"end":{"line":58,"column":40}},"26":{"start":{"line":59,"column":4},"end":{"line":82,"column":5}},"27":{"start":{"line":60,"column":25},"end":{"line":64,"column":18}},"28":{"start":{"line":66,"column":8},"end":{"line":68,"column":9}},"29":{"start":{"line":67,"column":12},"end":{"line":67,"column":22}},"30":{"start":{"line":70,"column":24},"end":{"line":70,"column":26}},"31":{"start":{"line":71,"column":8},"end":{"line":77,"column":11}},"32":{"start":{"line":72,"column":25},"end":{"line":72,"column":35}},"33":{"start":{"line":73,"column":12},"end":{"line":76,"column":15}},"34":{"start":{"line":78,"column":8},"end":{"line":78,"column":23}},"35":{"start":{"line":80,"column":8},"end":{"line":80,"column":61}},"36":{"start":{"line":81,"column":8},"end":{"line":81,"column":18}},"37":{"start":{"line":85,"column":0},"end":{"line":93,"column":2}}},"fnMap":{"0":{"name":"saveChatMessage","decl":{"start":{"line":39,"column":15},"end":{"line":39,"column":30}},"loc":{"start":{"line":39,"column":54},"end":{"line":54,"column":1}},"line":39},"1":{"name":"getChatHistory","decl":{"start":{"line":57,"column":15},"end":{"line":57,"column":29}},"loc":{"start":{"line":57,"column":41},"end":{"line":83,"column":1}},"line":57},"2":{"name":"(anonymous_2)","decl":{"start":{"line":71,"column":25},"end":{"line":71,"column":26}},"loc":{"start":{"line":71,"column":32},"end":{"line":77,"column":9}},"line":71}},"branchMap":{"0":{"loc":{"start":{"line":40,"column":4},"end":{"line":40,"column":37}},"type":"if","locations":[{"start":{"line":40,"column":4},"end":{"line":40,"column":37}},{"start":{},"end":{}}],"line":40},"1":{"loc":{"start":{"line":58,"column":4},"end":{"line":58,"column":40}},"type":"if","locations":[{"start":{"line":58,"column":4},"end":{"line":58,"column":40}},{"start":{},"end":{}}],"line":58},"2":{"loc":{"start":{"line":66,"column":8},"end":{"line":68,"column":9}},"type":"if","locations":[{"start":{"line":66,"column":8},"end":{"line":68,"column":9}},{"start":{},"end":{}}],"line":66},"3":{"loc":{"start":{"line":74,"column":22},"end":{"line":74,"column":62}},"type":"cond-expr","locations":[{"start":{"line":74,"column":46},"end":{"line":74,"column":53}},{"start":{"line":74,"column":56},"end":{"line":74,"column":62}}],"line":74}},"s":{"0":1,"1":1,"2":1,"3":1,"4":1,"5":1,"6":1,"7":1,"8":1,"9":1,"10":1,"11":1,"12":1,"13":1,"14":1,"15":0,"16":0,"17":1,"18":0,"19":1,"20":1,"21":1,"22":1,"23":0,"24":1,"25":0,"26":1,"27":1,"28":1,"29":0,"30":1,"31":1,"32":1,"33":1,"34":1,"35":0,"36":0,"37":1},"f":{"0":1,"1":1,"2":1},"b":{"0":[0,1],"1":[0,1],"2":[0,1],"3":[0,1]},"_coverageSchema":"1a1c01bbd47fc00a2c39e90264f33305004495a9","hash":"0c92e174a142cebf6d61e3efa8788a6bd899b2d6"}
}
