{"C:\\Users\\himan\\Desktop\\EducationEdu\\server.js": {"path":"C:\\Users\\himan\\Desktop\\EducationEdu\\server.js","statementMap":{"0":{"start":{"line":2,"column":16},"end":{"line":2,"column":34}},"1":{"start":{"line":3,"column":13},"end":{"line":3,"column":28}},"2":{"start":{"line":4,"column":15},"end":{"line":4,"column":42}},"3":{"start":{"line":5,"column":17},"end":{"line":5,"column":54}},"4":{"start":{"line":6,"column":18},"end":{"line":6,"column":51}},"5":{"start":{"line":7,"column":12},"end":{"line":7,"column":56}},"6":{"start":{"line":9,"column":12},"end":{"line":9,"column":21}},"7":{"start":{"line":12,"column":0},"end":{"line":12,"column":35}},"8":{"start":{"line":13,"column":0},"end":{"line":13,"column":41}},"9":{"start":{"line":16,"column":0},"end":{"line":16,"column":56}},"10":{"start":{"line":21,"column":0},"end":{"line":21,"column":73}},"11":{"start":{"line":24,"column":0},"end":{"line":24,"column":27}},"12":{"start":{"line":27,"column":0},"end":{"line":29,"column":3}},"13":{"start":{"line":28,"column":4},"end":{"line":28,"column":56}},"14":{"start":{"line":32,"column":0},"end":{"line":32,"column":31}},"15":{"start":{"line":35,"column":0},"end":{"line":39,"column":1}},"16":{"start":{"line":36,"column":4},"end":{"line":38,"column":7}},"17":{"start":{"line":37,"column":8},"end":{"line":37,"column":73}},"18":{"start":{"line":41,"column":0},"end":{"line":41,"column":21}}},"fnMap":{"0":{"name":"(anonymous_0)","decl":{"start":{"line":27,"column":8},"end":{"line":27,"column":9}},"loc":{"start":{"line":27,"column":22},"end":{"line":29,"column":1}},"line":27},"1":{"name":"(anonymous_1)","decl":{"start":{"line":36,"column":28},"end":{"line":36,"column":29}},"loc":{"start":{"line":36,"column":34},"end":{"line":38,"column":5}},"line":36}},"branchMap":{"0":{"loc":{"start":{"line":35,"column":0},"end":{"line":39,"column":1}},"type":"if","locations":[{"start":{"line":35,"column":0},"end":{"line":39,"column":1}},{"start":{},"end":{}}],"line":35}},"s":{"0":1,"1":1,"2":1,"3":1,"4":1,"5":1,"6":1,"7":1,"8":1,"9":1,"10":1,"11":1,"12":1,"13":1,"14":1,"15":1,"16":0,"17":0,"18":1},"f":{"0":1,"1":0},"b":{"0":[0,1]},"_coverageSchema":"1a1c01bbd47fc00a2c39e90264f33305004495a9","hash":"e26baa424b4a665d2bfaa1d59320a85305682f41"}
,"C:\\Users\\himan\\Desktop\\EducationEdu\\src\\config\\env.js": {"path":"C:\\Users\\himan\\Desktop\\EducationEdu\\src\\config\\env.js","statementMap":{"0":{"start":{"line":1,"column":13},"end":{"line":1,"column":28}},"1":{"start":{"line":2,"column":0},"end":{"line":2,"column":74}},"2":{"start":{"line":4,"column":15},"end":{"line":9,"column":1}},"3":{"start":{"line":11,"column":0},"end":{"line":11,"column":24}}},"fnMap":{},"branchMap":{"0":{"loc":{"start":{"line":5,"column":10},"end":{"line":5,"column":34}},"type":"binary-expr","locations":[{"start":{"line":5,"column":10},"end":{"line":5,"column":26}},{"start":{"line":5,"column":30},"end":{"line":5,"column":34}}],"line":5},"1":{"loc":{"start":{"line":6,"column":16},"end":{"line":6,"column":60}},"type":"binary-expr","locations":[{"start":{"line":6,"column":16},"end":{"line":6,"column":42}},{"start":{"line":6,"column":46},"end":{"line":6,"column":60}}],"line":6},"2":{"loc":{"start":{"line":7,"column":12},"end":{"line":7,"column":51}},"type":"binary-expr","locations":[{"start":{"line":7,"column":12},"end":{"line":7,"column":34}},{"start":{"line":7,"column":38},"end":{"line":7,"column":51}}],"line":7},"3":{"loc":{"start":{"line":8,"column":14},"end":{"line":8,"column":51}},"type":"binary-expr","locations":[{"start":{"line":8,"column":14},"end":{"line":8,"column":34}},{"start":{"line":8,"column":38},"end":{"line":8,"column":51}}],"line":8}},"s":{"0":3,"1":3,"2":3,"3":3},"f":{},"b":{"0":[3,0],"1":[3,0],"2":[3,0],"3":[3,0]},"_coverageSchema":"1a1c01bbd47fc00a2c39e90264f33305004495a9","hash":"12d5f87b5281792b1e4af07faaedf07d278310ce"}
,"C:\\Users\\himan\\Desktop\\EducationEdu\\src\\controllers\\apiController.js": {"path":"C:\\Users\\himan\\Desktop\\EducationEdu\\src\\controllers\\apiController.js","statementMap":{"0":{"start":{"line":1,"column":15},"end":{"line":1,"column":39}},"1":{"start":{"line":2,"column":14},"end":{"line":2,"column":49}},"2":{"start":{"line":3,"column":12},"end":{"line":3,"column":53}},"3":{"start":{"line":10,"column":0},"end":{"line":20,"column":2}},"4":{"start":{"line":11,"column":4},"end":{"line":19,"column":7}},"5":{"start":{"line":28,"column":0},"end":{"line":86,"column":2}},"6":{"start":{"line":29,"column":55},"end":{"line":29,"column":63}},"7":{"start":{"line":31,"column":4},"end":{"line":33,"column":5}},"8":{"start":{"line":32,"column":8},"end":{"line":32,"column":92}},"9":{"start":{"line":34,"column":20},"end":{"line":34,"column":34}},"10":{"start":{"line":35,"column":4},"end":{"line":37,"column":5}},"11":{"start":{"line":36,"column":8},"end":{"line":36,"column":75}},"12":{"start":{"line":38,"column":4},"end":{"line":40,"column":5}},"13":{"start":{"line":39,"column":8},"end":{"line":39,"column":92}},"14":{"start":{"line":42,"column":4},"end":{"line":47,"column":5}},"15":{"start":{"line":43,"column":8},"end":{"line":46,"column":11}},"16":{"start":{"line":49,"column":4},"end":{"line":85,"column":5}},"17":{"start":{"line":51,"column":29},"end":{"line":51,"column":64}},"18":{"start":{"line":54,"column":8},"end":{"line":54,"column":62}},"19":{"start":{"line":57,"column":24},"end":{"line":67,"column":9}},"20":{"start":{"line":69,"column":21},"end":{"line":69,"column":63}},"21":{"start":{"line":71,"column":23},"end":{"line":71,"column":54}},"22":{"start":{"line":72,"column":25},"end":{"line":72,"column":40}},"23":{"start":{"line":73,"column":22},"end":{"line":73,"column":66}},"24":{"start":{"line":76,"column":8},"end":{"line":76,"column":61}},"25":{"start":{"line":78,"column":8},"end":{"line":78,"column":28}},"26":{"start":{"line":80,"column":8},"end":{"line":80,"column":54}},"27":{"start":{"line":81,"column":8},"end":{"line":84,"column":11}},"28":{"start":{"line":94,"column":0},"end":{"line":132,"column":2}},"29":{"start":{"line":95,"column":37},"end":{"line":95,"column":45}},"30":{"start":{"line":97,"column":4},"end":{"line":99,"column":5}},"31":{"start":{"line":98,"column":8},"end":{"line":98,"column":68}},"32":{"start":{"line":100,"column":29},"end":{"line":100,"column":89}},"33":{"start":{"line":101,"column":4},"end":{"line":103,"column":5}},"34":{"start":{"line":102,"column":8},"end":{"line":102,"column":112}},"35":{"start":{"line":105,"column":4},"end":{"line":107,"column":5}},"36":{"start":{"line":106,"column":8},"end":{"line":106,"column":62}},"37":{"start":{"line":110,"column":21},"end":{"line":110,"column":107}},"38":{"start":{"line":111,"column":27},"end":{"line":111,"column":46}},"39":{"start":{"line":112,"column":4},"end":{"line":114,"column":5}},"40":{"start":{"line":113,"column":8},"end":{"line":113,"column":60}},"41":{"start":{"line":116,"column":4},"end":{"line":131,"column":5}},"42":{"start":{"line":117,"column":27},"end":{"line":122,"column":10}},"43":{"start":{"line":124,"column":31},"end":{"line":124,"column":70}},"44":{"start":{"line":125,"column":8},"end":{"line":125,"column":44}},"45":{"start":{"line":127,"column":8},"end":{"line":127,"column":37}},"46":{"start":{"line":129,"column":8},"end":{"line":129,"column":57}},"47":{"start":{"line":130,"column":8},"end":{"line":130,"column":88}},"48":{"start":{"line":140,"column":0},"end":{"line":185,"column":2}},"49":{"start":{"line":141,"column":21},"end":{"line":141,"column":29}},"50":{"start":{"line":143,"column":4},"end":{"line":145,"column":5}},"51":{"start":{"line":144,"column":8},"end":{"line":144,"column":68}},"52":{"start":{"line":146,"column":4},"end":{"line":148,"column":5}},"53":{"start":{"line":147,"column":8},"end":{"line":147,"column":86}},"54":{"start":{"line":150,"column":4},"end":{"line":152,"column":5}},"55":{"start":{"line":151,"column":8},"end":{"line":151,"column":93}},"56":{"start":{"line":155,"column":21},"end":{"line":155,"column":87}},"57":{"start":{"line":156,"column":27},"end":{"line":156,"column":46}},"58":{"start":{"line":157,"column":4},"end":{"line":159,"column":5}},"59":{"start":{"line":158,"column":8},"end":{"line":158,"column":40}},"60":{"start":{"line":161,"column":4},"end":{"line":184,"column":5}},"61":{"start":{"line":162,"column":25},"end":{"line":162,"column":69}},"62":{"start":{"line":163,"column":33},"end":{"line":163,"column":82}},"63":{"start":{"line":164,"column":34},"end":{"line":164,"column":84}},"64":{"start":{"line":166,"column":23},"end":{"line":176,"column":9}},"65":{"start":{"line":167,"column":69},"end":{"line":171,"column":13}},"66":{"start":{"line":178,"column":8},"end":{"line":178,"column":36}},"67":{"start":{"line":180,"column":8},"end":{"line":180,"column":25}},"68":{"start":{"line":182,"column":8},"end":{"line":182,"column":49}},"69":{"start":{"line":183,"column":8},"end":{"line":183,"column":80}}},"fnMap":{"0":{"name":"(anonymous_0)","decl":{"start":{"line":10,"column":20},"end":{"line":10,"column":21}},"loc":{"start":{"line":10,"column":34},"end":{"line":20,"column":1}},"line":10},"1":{"name":"(anonymous_1)","decl":{"start":{"line":28,"column":21},"end":{"line":28,"column":22}},"loc":{"start":{"line":28,"column":41},"end":{"line":86,"column":1}},"line":28},"2":{"name":"(anonymous_2)","decl":{"start":{"line":94,"column":26},"end":{"line":94,"column":27}},"loc":{"start":{"line":94,"column":46},"end":{"line":132,"column":1}},"line":94},"3":{"name":"(anonymous_3)","decl":{"start":{"line":140,"column":24},"end":{"line":140,"column":25}},"loc":{"start":{"line":140,"column":44},"end":{"line":185,"column":1}},"line":140},"4":{"name":"(anonymous_4)","decl":{"start":{"line":167,"column":63},"end":{"line":167,"column":64}},"loc":{"start":{"line":167,"column":69},"end":{"line":171,"column":13}},"line":167}},"branchMap":{"0":{"loc":{"start":{"line":29,"column":21},"end":{"line":29,"column":50}},"type":"default-arg","locations":[{"start":{"line":29,"column":33},"end":{"line":29,"column":50}}],"line":29},"1":{"loc":{"start":{"line":31,"column":4},"end":{"line":33,"column":5}},"type":"if","locations":[{"start":{"line":31,"column":4},"end":{"line":33,"column":5}},{"start":{},"end":{}}],"line":31},"2":{"loc":{"start":{"line":31,"column":8},"end":{"line":31,"column":47}},"type":"binary-expr","locations":[{"start":{"line":31,"column":8},"end":{"line":31,"column":16}},{"start":{"line":31,"column":20},"end":{"line":31,"column":47}}],"line":31},"3":{"loc":{"start":{"line":35,"column":4},"end":{"line":37,"column":5}},"type":"if","locations":[{"start":{"line":35,"column":4},"end":{"line":37,"column":5}},{"start":{},"end":{}}],"line":35},"4":{"loc":{"start":{"line":38,"column":4},"end":{"line":40,"column":5}},"type":"if","locations":[{"start":{"line":38,"column":4},"end":{"line":40,"column":5}},{"start":{},"end":{}}],"line":38},"5":{"loc":{"start":{"line":42,"column":4},"end":{"line":47,"column":5}},"type":"if","locations":[{"start":{"line":42,"column":4},"end":{"line":47,"column":5}},{"start":{},"end":{}}],"line":42},"6":{"loc":{"start":{"line":97,"column":4},"end":{"line":99,"column":5}},"type":"if","locations":[{"start":{"line":97,"column":4},"end":{"line":99,"column":5}},{"start":{},"end":{}}],"line":97},"7":{"loc":{"start":{"line":97,"column":8},"end":{"line":97,"column":69}},"type":"binary-expr","locations":[{"start":{"line":97,"column":8},"end":{"line":97,"column":13}},{"start":{"line":97,"column":17},"end":{"line":97,"column":41}},{"start":{"line":97,"column":45},"end":{"line":97,"column":69}}],"line":97},"8":{"loc":{"start":{"line":101,"column":4},"end":{"line":103,"column":5}},"type":"if","locations":[{"start":{"line":101,"column":4},"end":{"line":103,"column":5}},{"start":{},"end":{}}],"line":101},"9":{"loc":{"start":{"line":101,"column":8},"end":{"line":101,"column":69}},"type":"binary-expr","locations":[{"start":{"line":101,"column":8},"end":{"line":101,"column":23}},{"start":{"line":101,"column":27},"end":{"line":101,"column":69}}],"line":101},"10":{"loc":{"start":{"line":105,"column":4},"end":{"line":107,"column":5}},"type":"if","locations":[{"start":{"line":105,"column":4},"end":{"line":107,"column":5}},{"start":{},"end":{}}],"line":105},"11":{"loc":{"start":{"line":112,"column":4},"end":{"line":114,"column":5}},"type":"if","locations":[{"start":{"line":112,"column":4},"end":{"line":114,"column":5}},{"start":{},"end":{}}],"line":112},"12":{"loc":{"start":{"line":143,"column":4},"end":{"line":145,"column":5}},"type":"if","locations":[{"start":{"line":143,"column":4},"end":{"line":145,"column":5}},{"start":{},"end":{}}],"line":143},"13":{"loc":{"start":{"line":143,"column":8},"end":{"line":143,"column":69}},"type":"binary-expr","locations":[{"start":{"line":143,"column":8},"end":{"line":143,"column":13}},{"start":{"line":143,"column":17},"end":{"line":143,"column":41}},{"start":{"line":143,"column":45},"end":{"line":143,"column":69}}],"line":143},"14":{"loc":{"start":{"line":146,"column":4},"end":{"line":148,"column":5}},"type":"if","locations":[{"start":{"line":146,"column":4},"end":{"line":148,"column":5}},{"start":{},"end":{}}],"line":146},"15":{"loc":{"start":{"line":150,"column":4},"end":{"line":152,"column":5}},"type":"if","locations":[{"start":{"line":150,"column":4},"end":{"line":152,"column":5}},{"start":{},"end":{}}],"line":150},"16":{"loc":{"start":{"line":157,"column":4},"end":{"line":159,"column":5}},"type":"if","locations":[{"start":{"line":157,"column":4},"end":{"line":159,"column":5}},{"start":{},"end":{}}],"line":157}},"s":{"0":2,"1":2,"2":2,"3":2,"4":2,"5":2,"6":9,"7":9,"8":2,"9":7,"10":7,"11":2,"12":5,"13":2,"14":3,"15":1,"16":2,"17":2,"18":2,"19":2,"20":2,"21":2,"22":1,"23":1,"24":1,"25":1,"26":1,"27":1,"28":2,"29":7,"30":7,"31":1,"32":6,"33":6,"34":2,"35":4,"36":1,"37":3,"38":3,"39":3,"40":1,"41":2,"42":2,"43":1,"44":1,"45":1,"46":1,"47":1,"48":2,"49":7,"50":7,"51":2,"52":5,"53":1,"54":4,"55":1,"56":3,"57":3,"58":3,"59":1,"60":2,"61":2,"62":2,"63":1,"64":1,"65":1,"66":1,"67":1,"68":1,"69":1},"f":{"0":2,"1":9,"2":7,"3":7,"4":1},"b":{"0":[6],"1":[2,7],"2":[9,7],"3":[2,5],"4":[2,3],"5":[1,2],"6":[1,6],"7":[7,6,6],"8":[2,4],"9":[6,6],"10":[1,3],"11":[1,2],"12":[2,5],"13":[7,5,5],"14":[1,4],"15":[1,3],"16":[1,2]},"_coverageSchema":"1a1c01bbd47fc00a2c39e90264f33305004495a9","hash":"ef1048381b23d6b393bcc849f957f2f7d0a208e4"}
,"C:\\Users\\himan\\Desktop\\EducationEdu\\src\\middlewares\\security.js": {"path":"C:\\Users\\himan\\Desktop\\EducationEdu\\src\\middlewares\\security.js","statementMap":{"0":{"start":{"line":1,"column":15},"end":{"line":1,"column":32}},"1":{"start":{"line":2,"column":18},"end":{"line":2,"column":47}},"2":{"start":{"line":8,"column":25},"end":{"line":20,"column":2}},"3":{"start":{"line":26,"column":19},"end":{"line":32,"column":2}},"4":{"start":{"line":43,"column":22},"end":{"line":58,"column":1}},"5":{"start":{"line":45,"column":22},"end":{"line":48,"column":5}},"6":{"start":{"line":46,"column":8},"end":{"line":46,"column":48}},"7":{"start":{"line":46,"column":37},"end":{"line":46,"column":48}},"8":{"start":{"line":47,"column":8},"end":{"line":47,"column":45}},"9":{"start":{"line":50,"column":4},"end":{"line":56,"column":5}},"10":{"start":{"line":51,"column":8},"end":{"line":55,"column":9}},"11":{"start":{"line":52,"column":12},"end":{"line":54,"column":13}},"12":{"start":{"line":53,"column":16},"end":{"line":53,"column":57}},"13":{"start":{"line":57,"column":4},"end":{"line":57,"column":11}},"14":{"start":{"line":69,"column":21},"end":{"line":72,"column":1}},"15":{"start":{"line":70,"column":4},"end":{"line":70,"column":51}},"16":{"start":{"line":71,"column":4},"end":{"line":71,"column":62}},"17":{"start":{"line":74,"column":0},"end":{"line":79,"column":2}}},"fnMap":{"0":{"name":"(anonymous_0)","decl":{"start":{"line":43,"column":22},"end":{"line":43,"column":23}},"loc":{"start":{"line":43,"column":42},"end":{"line":58,"column":1}},"line":43},"1":{"name":"(anonymous_1)","decl":{"start":{"line":45,"column":22},"end":{"line":45,"column":23}},"loc":{"start":{"line":45,"column":31},"end":{"line":48,"column":5}},"line":45},"2":{"name":"(anonymous_2)","decl":{"start":{"line":69,"column":21},"end":{"line":69,"column":22}},"loc":{"start":{"line":69,"column":46},"end":{"line":72,"column":1}},"line":69}},"branchMap":{"0":{"loc":{"start":{"line":46,"column":8},"end":{"line":46,"column":48}},"type":"if","locations":[{"start":{"line":46,"column":8},"end":{"line":46,"column":48}},{"start":{},"end":{}}],"line":46},"1":{"loc":{"start":{"line":50,"column":4},"end":{"line":56,"column":5}},"type":"if","locations":[{"start":{"line":50,"column":4},"end":{"line":56,"column":5}},{"start":{},"end":{}}],"line":50},"2":{"loc":{"start":{"line":52,"column":12},"end":{"line":54,"column":13}},"type":"if","locations":[{"start":{"line":52,"column":12},"end":{"line":54,"column":13}},{"start":{},"end":{}}],"line":52},"3":{"loc":{"start":{"line":52,"column":16},"end":{"line":52,"column":81}},"type":"binary-expr","locations":[{"start":{"line":52,"column":16},"end":{"line":52,"column":44}},{"start":{"line":52,"column":48},"end":{"line":52,"column":81}}],"line":52}},"s":{"0":2,"1":2,"2":2,"3":2,"4":2,"5":10,"6":12,"7":0,"8":12,"9":10,"10":10,"11":14,"12":12,"13":10,"14":2,"15":1,"16":1,"17":2},"f":{"0":10,"1":12,"2":1},"b":{"0":[0,12],"1":[10,0],"2":[12,2],"3":[14,14]},"_coverageSchema":"1a1c01bbd47fc00a2c39e90264f33305004495a9","hash":"bc53a32734b9bcab1c25089e6f25fb2930f15090"}
,"C:\\Users\\himan\\Desktop\\EducationEdu\\src\\routes\\apiRoutes.js": {"path":"C:\\Users\\himan\\Desktop\\EducationEdu\\src\\routes\\apiRoutes.js","statementMap":{"0":{"start":{"line":1,"column":16},"end":{"line":1,"column":34}},"1":{"start":{"line":2,"column":15},"end":{"line":2,"column":31}},"2":{"start":{"line":3,"column":22},"end":{"line":3,"column":61}},"3":{"start":{"line":4,"column":38},"end":{"line":4,"column":72}},"4":{"start":{"line":7,"column":0},"end":{"line":7,"column":23}},"5":{"start":{"line":8,"column":0},"end":{"line":8,"column":26}},"6":{"start":{"line":11,"column":0},"end":{"line":11,"column":47}},"7":{"start":{"line":12,"column":0},"end":{"line":12,"column":57}},"8":{"start":{"line":13,"column":0},"end":{"line":13,"column":53}},"9":{"start":{"line":15,"column":0},"end":{"line":15,"column":24}}},"fnMap":{},"branchMap":{},"s":{"0":1,"1":1,"2":1,"3":1,"4":1,"5":1,"6":1,"7":1,"8":1,"9":1},"f":{},"b":{},"_coverageSchema":"1a1c01bbd47fc00a2c39e90264f33305004495a9","hash":"942079fc71ac985ecdcbb109fdbdba467092c81f"}
,"C:\\Users\\himan\\Desktop\\EducationEdu\\src\\services\\cacheService.js": {"path":"C:\\Users\\himan\\Desktop\\EducationEdu\\src\\services\\cacheService.js","statementMap":{"0":{"start":{"line":1,"column":18},"end":{"line":1,"column":39}},"1":{"start":{"line":4,"column":14},"end":{"line":4,"column":63}},"2":{"start":{"line":6,"column":0},"end":{"line":6,"column":23}}},"fnMap":{},"branchMap":{},"s":{"0":1,"1":1,"2":1},"f":{},"b":{},"_coverageSchema":"1a1c01bbd47fc00a2c39e90264f33305004495a9","hash":"7cd62315b78ac61d759029512ec70f9e2a2aca47"}
,"C:\\Users\\himan\\Desktop\\EducationEdu\\src\\services\\googleCloudService.js": {"path":"C:\\Users\\himan\\Desktop\\EducationEdu\\src\\services\\googleCloudService.js","statementMap":{"0":{"start":{"line":1,"column":21},"end":{"line":1,"column":54}},"1":{"start":{"line":2,"column":37},"end":{"line":2,"column":71}},"2":{"start":{"line":3,"column":17},"end":{"line":3,"column":50}},"3":{"start":{"line":4,"column":22},"end":{"line":4,"column":56}},"4":{"start":{"line":5,"column":15},"end":{"line":5,"column":39}},"5":{"start":{"line":8,"column":26},"end":{"line":8,"column":31}},"6":{"start":{"line":10,"column":22},"end":{"line":15,"column":73}},"7":{"start":{"line":17,"column":0},"end":{"line":36,"column":1}},"8":{"start":{"line":19,"column":4},"end":{"line":19,"column":85}},"9":{"start":{"line":20,"column":4},"end":{"line":20,"column":81}},"10":{"start":{"line":23,"column":4},"end":{"line":23,"column":87}},"11":{"start":{"line":26,"column":4},"end":{"line":26,"column":85}},"12":{"start":{"line":29,"column":4},"end":{"line":29,"column":64}},"13":{"start":{"line":31,"column":4},"end":{"line":31,"column":31}},"14":{"start":{"line":32,"column":4},"end":{"line":32,"column":59}},"15":{"start":{"line":34,"column":4},"end":{"line":34,"column":83}},"16":{"start":{"line":35,"column":4},"end":{"line":35,"column":30}},"17":{"start":{"line":46,"column":4},"end":{"line":46,"column":37}},"18":{"start":{"line":46,"column":30},"end":{"line":46,"column":37}},"19":{"start":{"line":47,"column":4},"end":{"line":59,"column":5}},"20":{"start":{"line":48,"column":27},"end":{"line":48,"column":78}},"21":{"start":{"line":49,"column":8},"end":{"line":53,"column":11}},"22":{"start":{"line":56,"column":8},"end":{"line":56,"column":102}},"23":{"start":{"line":58,"column":8},"end":{"line":58,"column":60}},"24":{"start":{"line":68,"column":4},"end":{"line":68,"column":40}},"25":{"start":{"line":68,"column":30},"end":{"line":68,"column":40}},"26":{"start":{"line":69,"column":4},"end":{"line":92,"column":5}},"27":{"start":{"line":70,"column":25},"end":{"line":74,"column":18}},"28":{"start":{"line":76,"column":8},"end":{"line":78,"column":9}},"29":{"start":{"line":77,"column":12},"end":{"line":77,"column":22}},"30":{"start":{"line":80,"column":24},"end":{"line":80,"column":26}},"31":{"start":{"line":81,"column":8},"end":{"line":87,"column":11}},"32":{"start":{"line":82,"column":25},"end":{"line":82,"column":35}},"33":{"start":{"line":83,"column":12},"end":{"line":86,"column":15}},"34":{"start":{"line":88,"column":8},"end":{"line":88,"column":23}},"35":{"start":{"line":90,"column":8},"end":{"line":90,"column":61}},"36":{"start":{"line":91,"column":8},"end":{"line":91,"column":18}},"37":{"start":{"line":95,"column":0},"end":{"line":103,"column":2}}},"fnMap":{"0":{"name":"saveChatMessage","decl":{"start":{"line":45,"column":15},"end":{"line":45,"column":30}},"loc":{"start":{"line":45,"column":54},"end":{"line":60,"column":1}},"line":45},"1":{"name":"getChatHistory","decl":{"start":{"line":67,"column":15},"end":{"line":67,"column":29}},"loc":{"start":{"line":67,"column":41},"end":{"line":93,"column":1}},"line":67},"2":{"name":"(anonymous_2)","decl":{"start":{"line":81,"column":25},"end":{"line":81,"column":26}},"loc":{"start":{"line":81,"column":32},"end":{"line":87,"column":9}},"line":81}},"branchMap":{"0":{"loc":{"start":{"line":46,"column":4},"end":{"line":46,"column":37}},"type":"if","locations":[{"start":{"line":46,"column":4},"end":{"line":46,"column":37}},{"start":{},"end":{}}],"line":46},"1":{"loc":{"start":{"line":68,"column":4},"end":{"line":68,"column":40}},"type":"if","locations":[{"start":{"line":68,"column":4},"end":{"line":68,"column":40}},{"start":{},"end":{}}],"line":68},"2":{"loc":{"start":{"line":76,"column":8},"end":{"line":78,"column":9}},"type":"if","locations":[{"start":{"line":76,"column":8},"end":{"line":78,"column":9}},{"start":{},"end":{}}],"line":76},"3":{"loc":{"start":{"line":84,"column":22},"end":{"line":84,"column":62}},"type":"cond-expr","locations":[{"start":{"line":84,"column":46},"end":{"line":84,"column":53}},{"start":{"line":84,"column":56},"end":{"line":84,"column":62}}],"line":84}},"s":{"0":1,"1":1,"2":1,"3":1,"4":1,"5":1,"6":1,"7":1,"8":1,"9":1,"10":1,"11":1,"12":1,"13":1,"14":1,"15":0,"16":0,"17":2,"18":0,"19":2,"20":2,"21":2,"22":0,"23":2,"24":2,"25":0,"26":2,"27":2,"28":1,"29":0,"30":1,"31":1,"32":1,"33":1,"34":1,"35":1,"36":1,"37":1},"f":{"0":2,"1":2,"2":1},"b":{"0":[0,2],"1":[0,2],"2":[0,1],"3":[0,1]},"_coverageSchema":"1a1c01bbd47fc00a2c39e90264f33305004495a9","hash":"ac6c96a8f6aedb52d95c7131926e41c1c11a26b2"}
}
