TN:
SF:server.js
FN:27,(anonymous_0)
FN:36,(anonymous_1)
FNF:2
FNH:1
FNDA:1,(anonymous_0)
FNDA:0,(anonymous_1)
DA:2,1
DA:3,1
DA:4,1
DA:5,1
DA:6,1
DA:7,1
DA:9,1
DA:12,1
DA:13,1
DA:16,1
DA:21,1
DA:24,1
DA:27,1
DA:28,1
DA:32,1
DA:35,1
DA:36,0
DA:37,0
DA:41,1
LF:19
LH:17
BRDA:35,0,0,0
BRDA:35,0,1,1
BRF:2
BRH:1
end_of_record
TN:
SF:src\config\env.js
FNF:0
FNH:0
DA:1,3
DA:2,3
DA:4,3
DA:11,3
LF:4
LH:4
BRDA:5,0,0,3
BRDA:5,0,1,0
BRDA:6,1,0,3
BRDA:6,1,1,0
BRDA:7,2,0,3
BRDA:7,2,1,0
BRDA:8,3,0,3
BRDA:8,3,1,0
BRF:8
BRH:4
end_of_record
TN:
SF:src\controllers\apiController.js
FN:5,(anonymous_0)
FN:17,(anonymous_1)
FN:77,(anonymous_2)
FN:117,(anonymous_3)
FN:144,(anonymous_4)
FNF:5
FNH:5
FNDA:2,(anonymous_0)
FNDA:8,(anonymous_1)
FNDA:6,(anonymous_2)
FNDA:6,(anonymous_3)
FNDA:1,(anonymous_4)
DA:1,2
DA:2,2
DA:3,2
DA:5,2
DA:6,2
DA:17,2
DA:18,8
DA:20,8
DA:21,2
DA:23,6
DA:24,6
DA:25,2
DA:27,4
DA:28,2
DA:31,2
DA:32,1
DA:38,1
DA:40,1
DA:43,1
DA:46,1
DA:58,1
DA:60,1
DA:61,1
DA:62,1
DA:65,1
DA:67,1
DA:69,0
DA:70,0
DA:77,2
DA:78,6
DA:80,6
DA:81,1
DA:83,5
DA:84,5
DA:85,2
DA:88,3
DA:89,1
DA:93,2
DA:94,2
DA:95,2
DA:96,1
DA:99,1
DA:100,1
DA:107,1
DA:108,1
DA:110,1
DA:112,0
DA:113,0
DA:117,2
DA:118,6
DA:120,6
DA:121,2
DA:123,4
DA:124,1
DA:127,3
DA:128,1
DA:132,2
DA:133,2
DA:134,2
DA:135,1
DA:138,1
DA:139,1
DA:140,1
DA:141,1
DA:143,1
DA:144,1
DA:155,1
DA:157,1
DA:159,0
DA:160,0
LF:70
LH:64
BRDA:18,0,0,5
BRDA:20,1,0,2
BRDA:20,1,1,6
BRDA:20,2,0,8
BRDA:20,2,1,6
BRDA:24,3,0,2
BRDA:24,3,1,4
BRDA:27,4,0,2
BRDA:27,4,1,2
BRDA:31,5,0,1
BRDA:31,5,1,1
BRDA:80,6,0,1
BRDA:80,6,1,5
BRDA:80,7,0,6
BRDA:80,7,1,5
BRDA:80,7,2,5
BRDA:84,8,0,2
BRDA:84,8,1,3
BRDA:84,9,0,5
BRDA:84,9,1,5
BRDA:88,10,0,1
BRDA:88,10,1,2
BRDA:95,11,0,1
BRDA:95,11,1,1
BRDA:120,12,0,2
BRDA:120,12,1,4
BRDA:120,13,0,6
BRDA:120,13,1,4
BRDA:120,13,2,4
BRDA:123,14,0,1
BRDA:123,14,1,3
BRDA:127,15,0,1
BRDA:127,15,1,2
BRDA:134,16,0,1
BRDA:134,16,1,1
BRF:35
BRH:35
end_of_record
TN:
SF:src\middlewares\security.js
FN:29,(anonymous_0)
FN:31,(anonymous_1)
FN:47,(anonymous_2)
FNF:3
FNH:2
FNDA:8,(anonymous_0)
FNDA:10,(anonymous_1)
FNDA:0,(anonymous_2)
DA:1,1
DA:2,1
DA:5,1
DA:20,1
DA:29,1
DA:31,8
DA:32,10
DA:33,10
DA:36,8
DA:37,8
DA:38,10
DA:39,10
DA:43,8
DA:47,1
DA:48,0
DA:49,0
DA:52,1
LF:17
LH:15
BRDA:32,0,0,0
BRDA:32,0,1,10
BRDA:36,1,0,8
BRDA:36,1,1,0
BRDA:38,2,0,10
BRDA:38,2,1,0
BRDA:38,3,0,10
BRDA:38,3,1,10
BRF:8
BRH:5
end_of_record
TN:
SF:src\routes\apiRoutes.js
FNF:0
FNH:0
DA:1,1
DA:2,1
DA:3,1
DA:4,1
DA:7,1
DA:8,1
DA:11,1
DA:12,1
DA:13,1
DA:15,1
LF:10
LH:10
BRF:0
BRH:0
end_of_record
TN:
SF:src\services\cacheService.js
FNF:0
FNH:0
DA:1,1
DA:4,1
DA:6,1
LF:3
LH:3
BRF:0
BRH:0
end_of_record
TN:
SF:src\services\googleCloudService.js
FN:39,saveChatMessage
FN:57,getChatHistory
FN:71,(anonymous_2)
FNF:3
FNH:3
FNDA:1,saveChatMessage
FNDA:1,getChatHistory
FNDA:1,(anonymous_2)
DA:1,1
DA:2,1
DA:3,1
DA:4,1
DA:5,1
DA:8,1
DA:10,1
DA:17,1
DA:19,1
DA:20,1
DA:23,1
DA:26,1
DA:29,1
DA:31,1
DA:32,1
DA:34,0
DA:35,0
DA:40,1
DA:41,1
DA:42,1
DA:43,1
DA:50,1
DA:52,0
DA:58,1
DA:59,1
DA:60,1
DA:66,1
DA:67,0
DA:70,1
DA:71,1
DA:72,1
DA:73,1
DA:78,1
DA:80,0
DA:81,0
DA:85,1
LF:36
LH:30
BRDA:40,0,0,0
BRDA:40,0,1,1
BRDA:58,1,0,0
BRDA:58,1,1,1
BRDA:66,2,0,0
BRDA:66,2,1,1
BRDA:74,3,0,0
BRDA:74,3,1,1
BRF:8
BRH:4
end_of_record
