TN:
SF:server.js
FN:27,(anonymous_0)
FN:36,(anonymous_1)
FNF:2
FNH:1
FNDA:1,(anonymous_0)
FNDA:0,(anonymous_1)
DA:2,1
DA:3,1
DA:4,1
DA:5,1
DA:6,1
DA:7,1
DA:9,1
DA:12,1
DA:13,1
DA:16,1
DA:21,1
DA:24,1
DA:27,1
DA:28,1
DA:32,1
DA:35,1
DA:36,0
DA:37,0
DA:41,1
LF:19
LH:17
BRDA:35,0,0,0
BRDA:35,0,1,1
BRF:2
BRH:1
end_of_record
TN:
SF:src\config\env.js
FNF:0
FNH:0
DA:1,3
DA:2,3
DA:4,3
DA:11,3
LF:4
LH:4
BRDA:5,0,0,3
BRDA:5,0,1,0
BRDA:6,1,0,3
BRDA:6,1,1,0
BRDA:7,2,0,3
BRDA:7,2,1,0
BRDA:8,3,0,3
BRDA:8,3,1,0
BRF:8
BRH:4
end_of_record
TN:
SF:src\controllers\apiController.js
FN:10,(anonymous_0)
FN:28,(anonymous_1)
FN:94,(anonymous_2)
FN:140,(anonymous_3)
FN:167,(anonymous_4)
FNF:5
FNH:5
FNDA:2,(anonymous_0)
FNDA:9,(anonymous_1)
FNDA:7,(anonymous_2)
FNDA:7,(anonymous_3)
FNDA:1,(anonymous_4)
DA:1,2
DA:2,2
DA:3,2
DA:10,2
DA:11,2
DA:28,2
DA:29,9
DA:31,9
DA:32,2
DA:34,7
DA:35,7
DA:36,2
DA:38,5
DA:39,2
DA:42,3
DA:43,1
DA:49,2
DA:51,2
DA:54,2
DA:57,2
DA:69,2
DA:71,2
DA:72,1
DA:73,1
DA:76,1
DA:78,1
DA:80,1
DA:81,1
DA:94,2
DA:95,7
DA:97,7
DA:98,1
DA:100,6
DA:101,6
DA:102,2
DA:105,4
DA:106,1
DA:110,3
DA:111,3
DA:112,3
DA:113,1
DA:116,2
DA:117,2
DA:124,1
DA:125,1
DA:127,1
DA:129,1
DA:130,1
DA:140,2
DA:141,7
DA:143,7
DA:144,2
DA:146,5
DA:147,1
DA:150,4
DA:151,1
DA:155,3
DA:156,3
DA:157,3
DA:158,1
DA:161,2
DA:162,2
DA:163,2
DA:164,1
DA:166,1
DA:167,1
DA:178,1
DA:180,1
DA:182,1
DA:183,1
LF:70
LH:70
BRDA:29,0,0,6
BRDA:31,1,0,2
BRDA:31,1,1,7
BRDA:31,2,0,9
BRDA:31,2,1,7
BRDA:35,3,0,2
BRDA:35,3,1,5
BRDA:38,4,0,2
BRDA:38,4,1,3
BRDA:42,5,0,1
BRDA:42,5,1,2
BRDA:97,6,0,1
BRDA:97,6,1,6
BRDA:97,7,0,7
BRDA:97,7,1,6
BRDA:97,7,2,6
BRDA:101,8,0,2
BRDA:101,8,1,4
BRDA:101,9,0,6
BRDA:101,9,1,6
BRDA:105,10,0,1
BRDA:105,10,1,3
BRDA:112,11,0,1
BRDA:112,11,1,2
BRDA:143,12,0,2
BRDA:143,12,1,5
BRDA:143,13,0,7
BRDA:143,13,1,5
BRDA:143,13,2,5
BRDA:146,14,0,1
BRDA:146,14,1,4
BRDA:150,15,0,1
BRDA:150,15,1,3
BRDA:157,16,0,1
BRDA:157,16,1,2
BRF:35
BRH:35
end_of_record
TN:
SF:src\middlewares\security.js
FN:43,(anonymous_0)
FN:45,(anonymous_1)
FN:69,(anonymous_2)
FNF:3
FNH:3
FNDA:10,(anonymous_0)
FNDA:12,(anonymous_1)
FNDA:1,(anonymous_2)
DA:1,2
DA:2,2
DA:8,2
DA:26,2
DA:43,2
DA:45,10
DA:46,12
DA:47,12
DA:50,10
DA:51,10
DA:52,14
DA:53,12
DA:57,10
DA:69,2
DA:70,1
DA:71,1
DA:74,2
LF:17
LH:17
BRDA:46,0,0,0
BRDA:46,0,1,12
BRDA:50,1,0,10
BRDA:50,1,1,0
BRDA:52,2,0,12
BRDA:52,2,1,2
BRDA:52,3,0,14
BRDA:52,3,1,14
BRF:8
BRH:6
end_of_record
TN:
SF:src\routes\apiRoutes.js
FNF:0
FNH:0
DA:1,1
DA:2,1
DA:3,1
DA:4,1
DA:7,1
DA:8,1
DA:11,1
DA:12,1
DA:13,1
DA:15,1
LF:10
LH:10
BRF:0
BRH:0
end_of_record
TN:
SF:src\services\cacheService.js
FNF:0
FNH:0
DA:1,1
DA:4,1
DA:6,1
LF:3
LH:3
BRF:0
BRH:0
end_of_record
TN:
SF:src\services\googleCloudService.js
FN:45,saveChatMessage
FN:67,getChatHistory
FN:81,(anonymous_2)
FNF:3
FNH:3
FNDA:2,saveChatMessage
FNDA:2,getChatHistory
FNDA:1,(anonymous_2)
DA:1,1
DA:2,1
DA:3,1
DA:4,1
DA:5,1
DA:8,1
DA:10,1
DA:17,1
DA:19,1
DA:20,1
DA:23,1
DA:26,1
DA:29,1
DA:31,1
DA:32,1
DA:34,0
DA:35,0
DA:46,2
DA:47,2
DA:48,2
DA:49,2
DA:56,0
DA:58,2
DA:68,2
DA:69,2
DA:70,2
DA:76,1
DA:77,0
DA:80,1
DA:81,1
DA:82,1
DA:83,1
DA:88,1
DA:90,1
DA:91,1
DA:95,1
LF:36
LH:32
BRDA:46,0,0,0
BRDA:46,0,1,2
BRDA:68,1,0,0
BRDA:68,1,1,2
BRDA:76,2,0,0
BRDA:76,2,1,1
BRDA:84,3,0,0
BRDA:84,3,1,1
BRF:8
BRH:4
end_of_record
